<?xml version='1.0' encoding='UTF-8'?>
<testsuite hostname="macdeMacBook-Pro.local" name="simpletest.HelloTests" tests="2" errors="0" failures="0" skipped="0" time="0.015" timestamp="2021-12-16T15:28:31">
          <properties>
[...]
</properties>
          <testcase classname="simpletest.HelloTests" name="the name is set correctly in constructor" time="0.014">
                      
                    </testcase><testcase classname="simpletest.HelloTests" name="a Person's name can be changed" time="0.001">
                      
                    </testcase>
          <system-out><![CDATA[]]></system-out>
          <system-err><![CDATA[]]></system-err>
        </testsuite>